[2025-10-26 21:01:22] CMDB App.DEBUG: Usuario administrador por defecto 'admin_default' ya existe y está configurado correctamente.  
[2025-10-26 21:01:22] CMDB App.DEBUG: Request: GET http://cmdb-app.svc.int/admin/smtp  
[2025-10-26 21:01:22] CMDB App.WARNING: Se ha detectado una contraseña SMTP hasheada antigua. Se ha ignorado. Por favor, guarde de nuevo la configuración SMTP para cifrarla correctamente.  
[2025-10-26 21:01:23] CMDB App.DEBUG: Usuario administrador por defecto 'admin_default' ya existe y está configurado correctamente.  
[2025-10-26 21:01:23] CMDB App.DEBUG: Request: GET http://cmdb-app.svc.int/admin/smtp  
[2025-10-26 21:01:23] CMDB App.WARNING: Se ha detectado una contraseña SMTP hasheada antigua. Se ha ignorado. Por favor, guarde de nuevo la configuración SMTP para cifrarla correctamente.  
[2025-10-26 21:01:23] CMDB App.DEBUG: Usuario administrador por defecto 'admin_default' ya existe y está configurado correctamente.  
[2025-10-26 21:01:23] CMDB App.DEBUG: Request: GET http://cmdb-app.svc.int/favicon.ico  
[2025-10-26 21:05:10] CMDB App.DEBUG: Usuario administrador por defecto 'admin_default' ya existe y está configurado correctamente.  
[2025-10-26 21:05:10] CMDB App.DEBUG: Request: GET http://cmdb-app.svc.int/admin/smtp  
[2025-10-26 21:05:10] CMDB App.WARNING: Se ha detectado una contraseña SMTP hasheada antigua. Se ha ignorado. Por favor, guarde de nuevo la configuración SMTP para cifrarla correctamente.  
[2025-10-26 21:05:11] CMDB App.DEBUG: Usuario administrador por defecto 'admin_default' ya existe y está configurado correctamente.  
[2025-10-26 21:05:11] CMDB App.DEBUG: Request: GET http://cmdb-app.svc.int/admin/smtp  
[2025-10-26 21:05:11] CMDB App.WARNING: Se ha detectado una contraseña SMTP hasheada antigua. Se ha ignorado. Por favor, guarde de nuevo la configuración SMTP para cifrarla correctamente.  
[2025-10-26 21:05:11] CMDB App.DEBUG: Usuario administrador por defecto 'admin_default' ya existe y está configurado correctamente.  
[2025-10-26 21:05:11] CMDB App.DEBUG: Request: GET http://cmdb-app.svc.int/favicon.ico  
[2025-10-26 21:05:15] CMDB App.DEBUG: Usuario administrador por defecto 'admin_default' ya existe y está configurado correctamente.  
[2025-10-26 21:05:15] CMDB App.DEBUG: Request: GET http://cmdb-app.svc.int/api/test-email  
[2025-10-26 21:05:15] CMDB App.DEBUG: Preparando para enviar correo con asunto 'Correo de prueba desde CMDB App' a través de la plantilla 'test_email'.  
[2025-10-26 21:05:15] CMDB App.INFO: Inicio de envío de correo a: andres.matias@dachser.com  
[2025-10-26 21:05:15] CMDB App.WARNING: Se ha detectado una contraseña SMTP hasheada antigua. Se ha ignorado. Por favor, guarde de nuevo la configuración SMTP para cifrarla correctamente.  
[2025-10-26 21:05:15] CMDB App.INFO: Correo enviado a andres.matias@dachser.com con asunto: 'Correo de prueba desde CMDB App'  
[2025-10-26 21:15:13] CMDB App.DEBUG: Usuario administrador por defecto 'admin_default' ya existe y está configurado correctamente.  
[2025-10-26 21:15:13] CMDB App.DEBUG: Request: GET http://cmdb-app.svc.int/admin/smtp  
[2025-10-26 21:15:13] CMDB App.WARNING: Se ha detectado una contraseña SMTP hasheada antigua. Se ha ignorado. Por favor, guarde de nuevo la configuración SMTP para cifrarla correctamente.  
[2025-10-26 21:15:13] CMDB App.DEBUG: Usuario administrador por defecto 'admin_default' ya existe y está configurado correctamente.  
[2025-10-26 21:15:13] CMDB App.DEBUG: Request: GET http://cmdb-app.svc.int/favicon.ico  
[2025-10-26 21:15:15] CMDB App.DEBUG: Usuario administrador por defecto 'admin_default' ya existe y está configurado correctamente.  
[2025-10-26 21:15:15] CMDB App.DEBUG: Request: POST http://cmdb-app.svc.int/admin/smtp/update  
[2025-10-26 21:15:15] CMDB App.INFO: Configuración SMTP guardada en la base de datos.  
[2025-10-26 21:15:15] CMDB App.DEBUG: Usuario administrador por defecto 'admin_default' ya existe y está configurado correctamente.  
[2025-10-26 21:15:15] CMDB App.DEBUG: Request: GET http://cmdb-app.svc.int/admin/smtp  
[2025-10-26 21:15:15] CMDB App.DEBUG: Usuario administrador por defecto 'admin_default' ya existe y está configurado correctamente.  
[2025-10-26 21:15:15] CMDB App.DEBUG: Request: GET http://cmdb-app.svc.int/favicon.ico  
[2025-10-26 21:15:20] CMDB App.DEBUG: Usuario administrador por defecto 'admin_default' ya existe y está configurado correctamente.  
[2025-10-26 21:15:20] CMDB App.DEBUG: Request: GET http://cmdb-app.svc.int/api/test-email  
[2025-10-26 21:15:20] CMDB App.DEBUG: Preparando para enviar correo con asunto 'Correo de prueba desde CMDB App' a través de la plantilla 'test_email'.  
[2025-10-26 21:15:20] CMDB App.INFO: Inicio de envío de correo a: andres.matias@dachser.com  
[2025-10-26 21:15:20] CMDB App.INFO: Correo enviado a andres.matias@dachser.com con asunto: 'Correo de prueba desde CMDB App'  
[2025-10-26 21:15:22] CMDB App.DEBUG: Usuario administrador por defecto 'admin_default' ya existe y está configurado correctamente.  
[2025-10-26 21:15:22] CMDB App.DEBUG: Request: GET http://cmdb-app.svc.int/api/test-email  
[2025-10-26 21:15:22] CMDB App.DEBUG: Preparando para enviar correo con asunto 'Correo de prueba desde CMDB App' a través de la plantilla 'test_email'.  
[2025-10-26 21:15:22] CMDB App.INFO: Inicio de envío de correo a: andres.matias@dachser.com  
[2025-10-26 21:15:22] CMDB App.INFO: Correo enviado a andres.matias@dachser.com con asunto: 'Correo de prueba desde CMDB App'  
[2025-10-26 21:15:23] CMDB App.DEBUG: Usuario administrador por defecto 'admin_default' ya existe y está configurado correctamente.  
[2025-10-26 21:15:23] CMDB App.DEBUG: Request: GET http://cmdb-app.svc.int/api/test-email  
[2025-10-26 21:15:23] CMDB App.DEBUG: Preparando para enviar correo con asunto 'Correo de prueba desde CMDB App' a través de la plantilla 'test_email'.  
[2025-10-26 21:15:23] CMDB App.INFO: Inicio de envío de correo a: andres.matias@dachser.com  
[2025-10-26 21:15:23] CMDB App.INFO: Correo enviado a andres.matias@dachser.com con asunto: 'Correo de prueba desde CMDB App'  
[2025-10-26 21:23:59] CMDB App.DEBUG: Request: GET http://cmdb-app.svc.int/admin/smtp  
[2025-10-26 21:24:00] CMDB App.DEBUG: Request: GET http://cmdb-app.svc.int/admin/smtp  
[2025-10-26 21:24:00] CMDB App.DEBUG: Request: GET http://cmdb-app.svc.int/favicon.ico  
[2025-10-26 21:24:06] CMDB App.DEBUG: Request: GET http://cmdb-app.svc.int/admin/masters/location  
[2025-10-26 21:24:07] CMDB App.DEBUG: Request: GET http://cmdb-app.svc.int/favicon.ico  
[2025-10-26 21:24:09] CMDB App.DEBUG: Request: GET http://cmdb-app.svc.int/admin/masters/location/detail/1  
[2025-10-26 21:24:10] CMDB App.DEBUG: Request: GET http://cmdb-app.svc.int/favicon.ico  
[2025-10-26 21:24:12] CMDB App.DEBUG: Request: GET http://cmdb-app.svc.int/admin/masters/location  
[2025-10-26 21:24:13] CMDB App.DEBUG: Request: GET http://cmdb-app.svc.int/favicon.ico  
[2025-10-26 21:24:15] CMDB App.DEBUG: Request: GET http://cmdb-app.svc.int/admin/masters/location/edit/1  
[2025-10-26 21:24:15] CMDB App.DEBUG: --- DEBUG: MasterController::showEditForm INICIADO ---  
[2025-10-26 21:24:15] CMDB App.DEBUG: Recibido master_name: 'location', id: 1  
[2025-10-26 21:24:15] CMDB App.DEBUG: Modelo 'App\Models\Location' obtenido correctamente.  
[2025-10-26 21:24:15] CMDB App.DEBUG: Vista a renderizar seleccionada: 'masters/locations/form'  
[2025-10-26 21:24:15] CMDB App.DEBUG: Renderizado de la vista 'masters/locations/form' completado.  
[2025-10-26 21:24:15] CMDB App.DEBUG: --- DEBUG: MasterController::showEditForm FINALIZADO CON ÉXITO ---  
[2025-10-26 21:24:15] CMDB App.DEBUG: Request: GET http://cmdb-app.svc.int/favicon.ico  
[2025-10-26 21:24:30] CMDB App.DEBUG: Request: GET http://cmdb-app.svc.int/dashboard  
[2025-10-26 21:24:30] CMDB App.DEBUG: Request: GET http://cmdb-app.svc.int/favicon.ico  
[2025-10-26 21:46:18] CMDB App.DEBUG: Request: GET http://cmdb-app.svc.int/dashboard  
[2025-10-28 20:46:54] CMDB App.DEBUG: Request: GET http://cmdb-app.svc.int/admin/smtp  
[2025-10-28 20:46:58] CMDB App.DEBUG: Request: GET http://cmdb-app.svc.int/dashboard  
[2025-10-28 20:47:03] CMDB App.DEBUG: Request: GET http://cmdb-app.svc.int/profile  
[2025-10-28 20:47:15] CMDB App.DEBUG: Request: GET http://cmdb-app.svc.int/admin/users  
[2025-10-28 20:47:18] CMDB App.DEBUG: Request: GET http://cmdb-app.svc.int/admin/users/create  
[2025-10-28 20:48:03] CMDB App.DEBUG: Request: POST http://cmdb-app.svc.int/admin/users/create  
[2025-10-28 20:48:03] CMDB App.DEBUG: Preparando para enviar correo con asunto '¡Bienvenido/a a CMDB App!' a través de la plantilla 'new_user_welcome'.  
[2025-10-28 20:48:03] CMDB App.INFO: Inicio de envío de correo a: andres.matias.lopez@gmail.com  
[2025-10-28 20:48:07] CMDB App.ERROR: Error al enviar correo a andres.matias.lopez@gmail.com. Mailer Error: Error SMTP: Imposible conectar al servidor SMTP. Failed to connect to server Error del servidor SMTP: Failed to connect to server Código del servidor SMTP: 10061 Información adicional del servidor SMTP: No se puede establecer una conexión ya que el equipo de destino denegó expresamente dicha conexión  
[2025-10-28 20:50:37] CMDB App.DEBUG: Request: POST http://cmdb-app.svc.int/admin/users/create  
[2025-10-28 20:50:37] CMDB App.ERROR: PDOException en UserController::processForm: SQLSTATE[23000]: Integrity constraint violation: 1062 Duplicate entry 'andres.matias.lopez' for key 'nombre_usuario' Code: 23000  
[2025-10-28 20:50:37] CMDB App.DEBUG: Request: GET http://cmdb-app.svc.int/admin/users/create  
[2025-10-28 20:51:06] CMDB App.DEBUG: Request: POST http://cmdb-app.svc.int/admin/users/create  
[2025-10-28 20:51:06] CMDB App.ERROR: PDOException en UserController::processForm: SQLSTATE[23000]: Integrity constraint violation: 1062 Duplicate entry 'andres.matias.lopez' for key 'nombre_usuario' Code: 23000  
[2025-10-28 20:51:06] CMDB App.DEBUG: Request: GET http://cmdb-app.svc.int/admin/users/create  
[2025-10-28 20:51:16] CMDB App.DEBUG: Request: GET http://cmdb-app.svc.int/admin/users  
[2025-10-28 20:51:24] CMDB App.DEBUG: Request: POST http://cmdb-app.svc.int/admin/users/delete/28  
[2025-10-28 20:51:24] CMDB App.DEBUG: Request: GET http://cmdb-app.svc.int/admin/users  
[2025-10-28 20:51:26] CMDB App.DEBUG: Request: GET http://cmdb-app.svc.int/admin/users/create  
[2025-10-28 20:51:53] CMDB App.DEBUG: Request: POST http://cmdb-app.svc.int/admin/users/create  
[2025-10-28 20:51:53] CMDB App.DEBUG: Preparando para enviar correo con asunto '¡Bienvenido/a a CMDB App!' a través de la plantilla 'new_user_welcome'.  
[2025-10-28 20:51:53] CMDB App.INFO: Inicio de envío de correo a: andres.matias.lopez@gmail.com  
[2025-10-28 20:51:57] CMDB App.ERROR: Error al enviar correo a andres.matias.lopez@gmail.com. Mailer Error: Error SMTP: Imposible conectar al servidor SMTP. Failed to connect to server Error del servidor SMTP: Failed to connect to server Código del servidor SMTP: 10061 Información adicional del servidor SMTP: No se puede establecer una conexión ya que el equipo de destino denegó expresamente dicha conexión  
[2025-10-28 20:51:57] CMDB App.DEBUG: Request: GET http://cmdb-app.svc.int/admin/users  
[2025-10-28 20:56:22] CMDB App.DEBUG: Request: GET http://cmdb-app.svc.int/admin/users/create  
[2025-10-28 21:40:15] CMDB App.DEBUG: Request: GET http://cmdb-app.svc.int/  
[2025-10-28 21:40:15] CMDB App.DEBUG: Request: GET http://cmdb-app.svc.int/login  
[2025-10-28 21:40:15] CMDB App.DEBUG: Request: GET http://cmdb-app.svc.int/dashboard  
[2025-10-28 22:26:37] CMDB App.DEBUG: Request: GET http://cmdb-app.svc.int/  
[2025-10-28 22:26:37] CMDB App.DEBUG: Request: GET http://cmdb-app.svc.int/login  
[2025-10-28 22:26:43] CMDB App.DEBUG: Request: POST http://cmdb-app.svc.int/login  
[2025-10-28 22:26:43] CMDB App.DEBUG: Iniciando intento de autenticación para el usuario 'admin_default' desde la fuente ID 1.  
[2025-10-28 22:26:43] CMDB App.INFO: Usuario local 'admin_default' ha iniciado sesión correctamente.  
[2025-10-28 22:26:43] CMDB App.INFO: Acceso MFA omitido para el usuario 'admin_default' a través de un dispositivo de confianza.  
[2025-10-28 22:26:43] CMDB App.DEBUG: Completando inicio de sesión y estableciendo sesión para el usuario 'admin_default' (ID: 1).  
[2025-10-28 22:26:43] CMDB App.DEBUG: Request: GET http://cmdb-app.svc.int/dashboard  
[2025-10-28 22:26:51] CMDB App.DEBUG: Request: GET http://cmdb-app.svc.int/admin/users  
[2025-10-28 22:30:54] CMDB App.DEBUG: Request: GET http://cmdb-app.svc.int/admin/users  
[2025-10-28 22:33:19] CMDB App.DEBUG: Request: GET http://cmdb-app.svc.int/admin/users/edit/31  
[2025-10-28 22:33:28] CMDB App.DEBUG: Request: GET http://cmdb-app.svc.int/logout  
[2025-10-28 22:33:28] CMDB App.DEBUG: Iniciando proceso de cierre de sesión para el usuario 'admin_default'.  
[2025-10-28 22:33:28] CMDB App.INFO: Usuario 'admin_default' ha cerrado sesión.  
[2025-10-28 22:33:28] CMDB App.DEBUG: Request: GET http://cmdb-app.svc.int/login  
[2025-10-28 22:33:44] CMDB App.DEBUG: Request: POST http://cmdb-app.svc.int/login  
[2025-10-28 22:33:44] CMDB App.DEBUG: Iniciando intento de autenticación para el usuario 'andres.matias.lopez' desde la fuente ID 1.  
[2025-10-28 22:33:44] CMDB App.INFO: Usuario local 'andres.matias.lopez' ha iniciado sesión correctamente.  
[2025-10-28 22:33:44] CMDB App.DEBUG: Completando inicio de sesión y estableciendo sesión para el usuario 'andres.matias.lopez' (ID: 31).  
[2025-10-28 22:33:44] CMDB App.DEBUG: Request: GET http://cmdb-app.svc.int/dashboard  
[2025-10-28 22:33:54] CMDB App.DEBUG: Request: GET http://cmdb-app.svc.int/profile  
[2025-10-28 22:34:13] CMDB App.DEBUG: Request: POST http://cmdb-app.svc.int/profile  
[2025-10-28 22:34:13] CMDB App.DEBUG: --- DEBUG: ProfileController::updateProfile INICIADO ---  
[2025-10-28 22:34:13] CMDB App.DEBUG: UserID: 31, isLocalUser: true  
[2025-10-28 22:34:13] CMDB App.DEBUG: Datos recibidos (data): {"email":"andres.matias.lopez@gmail.com","titulo":"","nombre":"Andrés","apellidos":"Matías López","preferred_language":"es"}  
[2025-10-28 22:34:13] CMDB App.DEBUG: Ficheros recibidos (files): ["avatar"]  
[2025-10-28 22:34:13] CMDB App.DEBUG: Datos a actualizar en BBDD (updateData): {"email":"andres.matias.lopez@gmail.com","titulo":"","nombre":"Andrés","apellidos":"Matías López","preferred_language_code":"es"}  
[2025-10-28 22:34:13] CMDB App.DEBUG: Llamada a userModel->updateProfileData completada.  
[2025-10-28 22:34:13] CMDB App.DEBUG: Iniciando transacción para actualizar notificaciones...  
[2025-10-28 22:34:13] CMDB App.DEBUG: Transacción de notificaciones completada (commit).  
[2025-10-28 22:34:13] CMDB App.DEBUG: Comprobando si se debe actualizar el idioma...  
[2025-10-28 22:34:13] CMDB App.DEBUG: Nuevo idioma detectado: es. Idioma actual: ninguno  
[2025-10-28 22:34:13] CMDB App.DEBUG: Lógica de idioma completada.  
[2025-10-28 22:34:13] CMDB App.DEBUG: --- DEBUG: ProfileController::updateProfile FINALIZADO CON ÉXITO ---  
[2025-10-28 22:34:13] CMDB App.DEBUG: Request: GET http://cmdb-app.svc.int/profile  
[2025-10-28 22:34:17] CMDB App.DEBUG: Request: GET http://cmdb-app.svc.int/mfa/setup  
[2025-10-28 22:34:17] CMDB App.DEBUG: Request: GET http://cmdb-app.svc.int/mfa/%3C?xml%20version=  
[2025-10-28 22:38:15] CMDB App.DEBUG: Request: GET http://cmdb-app.svc.int/mfa/setup  
[2025-10-28 22:38:18] CMDB App.DEBUG: Request: GET http://cmdb-app.svc.int/profile  
[2025-10-28 22:38:20] CMDB App.DEBUG: Request: GET http://cmdb-app.svc.int/mfa/setup  
[2025-10-28 22:39:14] CMDB App.DEBUG: Request: GET http://cmdb-app.svc.int/mfa/setup  
[2025-10-28 22:39:14] CMDB App.DEBUG: Request: GET http://cmdb-app.svc.int/mfa/%3C?xml%20version=  
[2025-10-28 22:40:14] CMDB App.DEBUG: Request: GET http://cmdb-app.svc.int/mfa/setup  
[2025-10-28 22:40:14] CMDB App.DEBUG: Request: GET http://cmdb-app.svc.int/mfa/%3C?xml%20version=  
[2025-10-28 22:40:16] CMDB App.DEBUG: Request: GET http://cmdb-app.svc.int/mfa/setup  
[2025-10-28 22:40:16] CMDB App.DEBUG: Request: GET http://cmdb-app.svc.int/mfa/%3C?xml%20version=  
[2025-10-28 22:40:17] CMDB App.DEBUG: Request: GET http://cmdb-app.svc.int/mfa/setup  
[2025-10-28 22:40:17] CMDB App.DEBUG: Request: GET http://cmdb-app.svc.int/mfa/%3C?xml%20version=  
[2025-10-28 22:40:17] CMDB App.DEBUG: Request: GET http://cmdb-app.svc.int/mfa/setup  
[2025-10-28 22:40:17] CMDB App.DEBUG: Request: GET http://cmdb-app.svc.int/mfa/%3C?xml%20version=  
[2025-10-28 22:40:18] CMDB App.DEBUG: Request: GET http://cmdb-app.svc.int/mfa/setup  
[2025-10-28 22:40:18] CMDB App.DEBUG: Request: GET http://cmdb-app.svc.int/mfa/%3C?xml%20version=  
[2025-10-28 22:41:22] CMDB App.DEBUG: Request: GET http://cmdb-app.svc.int/mfa/setup  
[2025-10-28 22:42:10] CMDB App.DEBUG: Request: POST http://cmdb-app.svc.int/mfa/verify-setup  
[2025-10-28 22:42:10] CMDB App.DEBUG: Request: GET http://cmdb-app.svc.int/profile  
[2025-10-28 22:42:20] CMDB App.DEBUG: Request: GET http://cmdb-app.svc.int/profile  
[2025-10-28 22:42:33] CMDB App.DEBUG: Request: GET http://cmdb-app.svc.int/logout  
[2025-10-28 22:42:33] CMDB App.DEBUG: Iniciando proceso de cierre de sesión para el usuario 'andres.matias.lopez'.  
[2025-10-28 22:42:33] CMDB App.INFO: Usuario 'andres.matias.lopez' ha cerrado sesión.  
[2025-10-28 22:42:33] CMDB App.DEBUG: Request: GET http://cmdb-app.svc.int/login  
[2025-10-28 22:42:50] CMDB App.DEBUG: Request: POST http://cmdb-app.svc.int/login  
[2025-10-28 22:42:50] CMDB App.DEBUG: Iniciando intento de autenticación para el usuario 'andres.matias.lopez' desde la fuente ID 1.  
[2025-10-28 22:42:50] CMDB App.INFO: Usuario local 'andres.matias.lopez' ha iniciado sesión correctamente.  
[2025-10-28 22:42:50] CMDB App.DEBUG: Request: GET http://cmdb-app.svc.int/mfa/verify-login  
[2025-10-28 22:43:09] CMDB App.DEBUG: Request: POST http://cmdb-app.svc.int/mfa/verify-login  
[2025-10-28 22:43:09] CMDB App.DEBUG: Completando inicio de sesión y estableciendo sesión para el usuario 'andres.matias.lopez' (ID: 31).  
[2025-10-28 22:43:09] CMDB App.DEBUG: Request: GET http://cmdb-app.svc.int/mfa/trust-device  
[2025-10-28 22:43:11] CMDB App.DEBUG: Request: POST http://cmdb-app.svc.int/mfa/trust-device/process  
[2025-10-28 22:43:11] CMDB App.DEBUG: Request: GET http://cmdb-app.svc.int/dashboard  
[2025-10-28 22:43:15] CMDB App.DEBUG: Request: GET http://cmdb-app.svc.int/profile  
